#
# There is insufficient memory for the Java Runtime Environment to continue.
# Native memory allocation (mmap) failed to map 132120576 bytes for G1 virtual space
# Possible reasons:
#   The system is out of physical RAM or swap space
#   The process is running with CompressedOops enabled, and the Java Heap may be blocking the growth of the native heap
# Possible solutions:
#   Reduce memory load on the system
#   Increase physical memory or swap space
#   Check if swap backing store is full
#   Decrease Java heap size (-Xmx/-Xms)
#   Decrease number of Java threads
#   Decrease Java thread stack sizes (-Xss)
#   Set larger code cache with -XX:ReservedCodeCacheSize=
#   JVM is running with Unscaled Compressed Oops mode in which the Java heap is
#     placed in the first 4GB address space. The Java Heap base address is the
#     maximum limit for the native heap growth. Please use -XX:HeapBaseMinAddress
#     to set the Java Heap base and to place the Java Heap above 4GB virtual address.
# This output file may be truncated or incomplete.
#
#  Out of Memory Error (os_windows.cpp:3769), pid=25404, tid=13584
#
# JRE version:  (17.0.6) (build )
# Java VM: OpenJDK 64-Bit Server VM (17.0.6+0-b2043.56-9586694, mixed mode, sharing, tiered, compressed oops, compressed class ptrs, g1 gc, windows-amd64)
# No core dump will be written. Minidumps are not enabled by default on client versions of Windows
#

---------------  S U M M A R Y ------------

Command Line: org.jetbrains.kotlin.cli.jvm.K2JVMCompiler @D:\ShopApp\app\build\20231125_10347410954715221270.compiler.options

Host: Intel(R) Core(TM) i5-10300H CPU @ 2.50GHz, 8 cores, 7G,  Windows 11 , 64 bit Build 22621 (10.0.22621.2506)
Time: Sat Nov 25 11:42:16 2023 SE Asia Standard Time elapsed time: 0.010018 seconds (0d 0h 0m 0s)

---------------  T H R E A D  ---------------

Current thread (0x000001d52c4aa1b0):  JavaThread "Unknown thread" [_thread_in_vm, id=13584, stack(0x00000065d0000000,0x00000065d0100000)]

Stack: [0x00000065d0000000,0x00000065d0100000]
Native frames: (J=compiled Java code, j=interpreted, Vv=VM code, C=native code)
V  [jvm.dll+0x683b4a]
V  [jvm.dll+0x842654]
V  [jvm.dll+0x843dfe]
V  [jvm.dll+0x844463]
V  [jvm.dll+0x249b75]
V  [jvm.dll+0x680a19]
V  [jvm.dll+0x674f0a]
V  [jvm.dll+0x309acb]
V  [jvm.dll+0x310f86]
V  [jvm.dll+0x3608ee]
V  [jvm.dll+0x360b1f]
V  [jvm.dll+0x2dfbf8]
V  [jvm.dll+0x2e0b64]
V  [jvm.dll+0x813f41]
V  [jvm.dll+0x36e6a1]
V  [jvm.dll+0x7f347c]
V  [jvm.dll+0x3f0e8f]
V  [jvm.dll+0x3f29d1]
C  [jli.dll+0x526b]
C  [ucrtbase.dll+0x29363]
C  [KERNEL32.DLL+0x1257d]
C  [ntdll.dll+0x5aa58]


---------------  P R O C E S S  ---------------

Threads class SMR info:
_java_thread_list=0x00007fff8e46c058, length=0, elements={
}

Java Threads: ( => current thread )

Other Threads:
  0x000001d52c504040 GCTaskThread "GC Thread#0" [stack: 0x00000065d0100000,0x00000065d0200000] [id=12156]
  0x000001d52c514a80 ConcurrentGCThread "G1 Main Marker" [stack: 0x00000065d0200000,0x00000065d0300000] [id=10884]
  0x000001d52c515c30 ConcurrentGCThread "G1 Conc#0" [stack: 0x00000065d0300000,0x00000065d0400000] [id=7960]

[error occurred during error reporting (printing all threads), id 0xc0000005, EXCEPTION_ACCESS_VIOLATION (0xc0000005) at pc=0x00007fff8dc20797]

VM state: not at safepoint (not fully initialized)

VM Mutex/Monitor currently owned by a thread:  ([mutex/lock_event])
[0x000001d52c4a49c0] Heap_lock - owner thread: 0x000001d52c4aa1b0

Heap address: 0x0000000082800000, size: 2008 MB, Compressed Oops mode: 32-bit

CDS archive(s) mapped at: [0x0000000000000000-0x0000000000000000-0x0000000000000000), size 0, SharedBaseAddress: 0x0000000800000000, ArchiveRelocationMode: 0.
Narrow klass base: 0x0000000000000000, Narrow klass shift: 0, Narrow klass range: 0x0

GC Precious Log:
<Empty>

Heap:
 garbage-first heap   total 0K, used 0K [0x0000000082800000, 0x0000000100000000)
  region size 1024K, 0 young (0K), 0 survivors (0K)

[error occurred during error reporting (printing heap information), id 0xc0000005, EXCEPTION_ACCESS_VIOLATION (0xc0000005) at pc=0x00007fff8e00d939]

GC Heap History (0 events):
No events

Dll operation events (1 events):
Event: 0.007 Loaded shared library C:\Program Files\Android\Android Studio\jbr\bin\java.dll

Deoptimization events (0 events):
No events

Classes unloaded (0 events):
No events

Classes redefined (0 events):
No events

Internal exceptions (0 events):
No events

VM Operations (0 events):
No events

Events (0 events):
No events


Dynamic libraries:
0x00007ff652b00000 - 0x00007ff652b0a000 	C:\Program Files\Android\Android Studio\jbr\bin\java.exe
0x00007fffe71d0000 - 0x00007fffe73e7000 	C:\WINDOWS\SYSTEM32\ntdll.dll
0x00007fffe5350000 - 0x00007fffe5414000 	C:\WINDOWS\System32\KERNEL32.DLL
0x00007fffe4820000 - 0x00007fffe4bc5000 	C:\WINDOWS\System32\KERNELBASE.dll
0x00007fffe4c70000 - 0x00007fffe4d81000 	C:\WINDOWS\System32\ucrtbase.dll
0x00007fffce4f0000 - 0x00007fffce507000 	C:\Program Files\Android\Android Studio\jbr\bin\jli.dll
0x00007fffd0290000 - 0x00007fffd02ab000 	C:\Program Files\Android\Android Studio\jbr\bin\VCRUNTIME140.dll
0x00007fffe5880000 - 0x00007fffe5a2e000 	C:\WINDOWS\System32\USER32.dll
0x00007fffe4680000 - 0x00007fffe46a6000 	C:\WINDOWS\System32\win32u.dll
0x00007fffe7020000 - 0x00007fffe7049000 	C:\WINDOWS\System32\GDI32.dll
0x00007fffcc9f0000 - 0x00007fffccc83000 	C:\WINDOWS\WinSxS\amd64_microsoft.windows.common-controls_6595b64144ccf1df_6.0.22621.2506_none_270c5ae97388e100\COMCTL32.dll
0x00007fffe4d90000 - 0x00007fffe4ea9000 	C:\WINDOWS\System32\gdi32full.dll
0x00007fffe4f20000 - 0x00007fffe4fc7000 	C:\WINDOWS\System32\msvcrt.dll
0x00007fffe4bd0000 - 0x00007fffe4c6a000 	C:\WINDOWS\System32\msvcp_win.dll
0x00007fffe5a30000 - 0x00007fffe5a61000 	C:\WINDOWS\System32\IMM32.DLL
0x0000000050850000 - 0x000000005085c000 	C:\Program Files (x86)\360\Total Security\safemon\SafeWrapper.dll
0x00007fffe5600000 - 0x00007fffe56b1000 	C:\WINDOWS\System32\ADVAPI32.dll
0x00007fffe70e0000 - 0x00007fffe7186000 	C:\WINDOWS\System32\sechost.dll
0x00007fffe5f90000 - 0x00007fffe60a7000 	C:\WINDOWS\System32\RPCRT4.dll
0x00007fff6ba80000 - 0x00007fff6bb12000 	C:\Program Files (x86)\360\Total Security\safemon\libzdtp64.dll
0x00007fffe6440000 - 0x00007fffe6c99000 	C:\WINDOWS\System32\SHELL32.dll
0x00007fffe5150000 - 0x00007fffe51ae000 	C:\WINDOWS\System32\SHLWAPI.dll
0x00007fffe41a0000 - 0x00007fffe41aa000 	C:\WINDOWS\SYSTEM32\VERSION.dll
0x00007fffd46a0000 - 0x00007fffd46ac000 	C:\Program Files\Android\Android Studio\jbr\bin\vcruntime140_1.dll
0x00007fffa60a0000 - 0x00007fffa612d000 	C:\Program Files\Android\Android Studio\jbr\bin\msvcp140.dll
0x00007fff8d930000 - 0x00007fff8e59d000 	C:\Program Files\Android\Android Studio\jbr\bin\server\jvm.dll
0x00007fffdcec0000 - 0x00007fffdcef4000 	C:\WINDOWS\SYSTEM32\WINMM.dll
0x00007fffbfe20000 - 0x00007fffbfe29000 	C:\WINDOWS\SYSTEM32\WSOCK32.dll
0x00007fffe50d0000 - 0x00007fffe5141000 	C:\WINDOWS\System32\WS2_32.dll
0x00007fffe3520000 - 0x00007fffe3538000 	C:\WINDOWS\SYSTEM32\kernel.appcore.dll
0x00007fffd04e0000 - 0x00007fffd04ea000 	C:\Program Files\Android\Android Studio\jbr\bin\jimage.dll
0x00007fffe15a0000 - 0x00007fffe17d3000 	C:\WINDOWS\SYSTEM32\DBGHELP.DLL
0x00007fffe60b0000 - 0x00007fffe6439000 	C:\WINDOWS\System32\combase.dll
0x00007fffe6f40000 - 0x00007fffe7017000 	C:\WINDOWS\System32\OLEAUT32.dll
0x00007fffd5810000 - 0x00007fffd5842000 	C:\WINDOWS\SYSTEM32\dbgcore.DLL
0x00007fffe4540000 - 0x00007fffe45ba000 	C:\WINDOWS\System32\bcryptPrimitives.dll
0x00007fffcf200000 - 0x00007fffcf225000 	C:\Program Files\Android\Android Studio\jbr\bin\java.dll

dbghelp: loaded successfully - version: 4.0.5 - missing functions: none
symbol engine: initialized successfully - sym options: 0x614 - pdb path: .;C:\Program Files\Android\Android Studio\jbr\bin;C:\WINDOWS\SYSTEM32;C:\WINDOWS\WinSxS\amd64_microsoft.windows.common-controls_6595b64144ccf1df_6.0.22621.2506_none_270c5ae97388e100;C:\Program Files (x86)\360\Total Security\safemon;C:\Program Files\Android\Android Studio\jbr\bin\server

VM Arguments:
java_command: org.jetbrains.kotlin.cli.jvm.K2JVMCompiler @D:\ShopApp\app\build\20231125_10347410954715221270.compiler.options
java_class_path (initial): C:\Users\LAPTOP T&T\.gradle\caches\modules-2\files-2.1\org.jetbrains.kotlin\kotlin-compiler-embeddable\1.8.20\78d9baa57f65babf9e0a93e51f62f26f5f35ac3e\kotlin-compiler-embeddable-1.8.20.jar;C:\Users\LAPTOP T&T\.gradle\caches\modules-2\files-2.1\org.jetbrains.kotlin\kotlin-stdlib\1.8.20\e72fc5e03ec6c064c678a6bd0d955c88d55b0c4a\kotlin-stdlib-1.8.20.jar;C:\Users\LAPTOP T&T\.gradle\caches\modules-2\files-2.1\org.jetbrains.kotlin\kotlin-script-runtime\1.8.20\c850771e723701f9d63dbcf641429c0f29290074\kotlin-script-runtime-1.8.20.jar;C:\Users\LAPTOP T&T\.gradle\caches\modules-2\files-2.1\org.jetbrains.kotlin\kotlin-reflect\1.6.10\1cbe9c92c12a94eea200d23c2bbaedaf3daf5132\kotlin-reflect-1.6.10.jar;C:\Users\LAPTOP T&T\.gradle\caches\modules-2\files-2.1\org.jetbrains.kotlin\kotlin-daemon-embeddable\1.8.20\c1b808fbe5fee60bd0504a54778120ef40f383d4\kotlin-daemon-embeddable-1.8.20.jar;C:\Users\LAPTOP T&T\.gradle\caches\modules-2\files-2.1\org.jetbrains.intellij.deps\trove4j\1.0.20200330\3afb14d5f9ceb459d724e907a21145e8ff394f02\trove4j-1.0.20200330.jar;C:\Users\LAPTOP T&T\.gradle\caches\modules-2\files-2.1\net.java.dev.jna\jna\5.6.0\330f2244e9030119ab3030fc3fededc86713d9cc\jna-5.6.0.jar;C:\Users\LAPTOP T&T\.gradle\caches\modules-2\files-2.1\org.jetbrains.kotlin\kotlin-stdlib-common\1.8.20\5eddaaf234c8c49d03eebeb6a14feb7f90faca71\kotlin-stdlib-common-1.8.20.jar;C:\Users\LAPTOP T&T\.gradle\caches\modules-2\files-2.1\org.jetbrains\annotations\13.0\919f0dfe192fb4e063e7dacadee7f8bb9a2672a9\annotations-13.0.jar
Launcher Type: SUN_STANDARD

[Global flags]
     intx CICompilerCount                          = 4                                         {product} {ergonomic}
     uint ConcGCThreads                            = 2                                         {product} {ergonomic}
     uint G1ConcRefinementThreads                  = 8                                         {product} {ergonomic}
   size_t G1HeapRegionSize                         = 1048576                                   {product} {ergonomic}
    uintx GCDrainStackTargetSize                   = 64                                        {product} {ergonomic}
   size_t InitialHeapSize                          = 132120576                                 {product} {ergonomic}
   size_t MarkStackSize                            = 4194304                                   {product} {ergonomic}
   size_t MaxHeapSize                              = 2105540608                                {product} {ergonomic}
   size_t MinHeapDeltaBytes                        = 1048576                                   {product} {ergonomic}
   size_t MinHeapSize                              = 8388608                                   {product} {ergonomic}
    uintx NonNMethodCodeHeapSize                   = 5839372                                {pd product} {ergonomic}
    uintx NonProfiledCodeHeapSize                  = 122909434                              {pd product} {ergonomic}
    uintx ProfiledCodeHeapSize                     = 122909434                              {pd product} {ergonomic}
    uintx ReservedCodeCacheSize                    = 251658240                              {pd product} {ergonomic}
     bool SegmentedCodeCache                       = true                                      {product} {ergonomic}
   size_t SoftMaxHeapSize                          = 2105540608                             {manageable} {ergonomic}
     bool UseCompressedClassPointers               = true                           {product lp64_product} {ergonomic}
     bool UseCompressedOops                        = true                           {product lp64_product} {ergonomic}
     bool UseG1GC                                  = true                                      {product} {ergonomic}
     bool UseLargePagesIndividualAllocation        = false                                  {pd product} {ergonomic}

Logging:
Log output configuration:
 #0: stdout all=warning uptime,level,tags
 #1: stderr all=off uptime,level,tags

Environment Variables:
JAVA_HOME=C:\Program Files\Java\jdk1.8.0_202
PATH=C:\Program Files (x86)\Common Files\Oracle\Java\javapath;C:\Windows\system32;C:\Windows;C:\Windows\System32\Wbem;C:\Windows\System32\WindowsPowerShell\v1.0\;C:\Windows\System32\OpenSSH\;C:\Program Files (x86)\NVIDIA Corporation\PhysX\Common;C:\Program Files\dotnet\;C:\Program Files\Git\cmd;C:\WINDOWS\system32;C:\WINDOWS;C:\WINDOWS\System32\Wbem;C:\WINDOWS\System32\WindowsPowerShell\v1.0\;C:\WINDOWS\System32\OpenSSH\;C:\Program Files\nodejs\;C:\Users\LAPTOP T&T\AppData\Local\Android\Sdk;C:\Program Files\Microsoft SQL Server\Client SDK\ODBC\170\Tools\Binn\;C:\Program Files (x86)\Microsoft SQL Server\150\Tools\Binn\;C:\Program Files\Microsoft SQL Server\150\Tools\Binn\;C:\Program Files\Microsoft SQL Server\150\DTS\Binn\;C:\Program Files (x86)\Microsoft SQL Server\160\Tools\Binn\;C:\Program Files\Microsoft SQL Server\160\Tools\Binn\;C:\Program Files\Microsoft SQL Server\160\DTS\Binn\;C:\Program Files (x86)\Microsoft SQL Server\160\DTS\Binn\;C:\Program Files\Azure Data Studio\bin;C:\Users\LAPTOP T&T\Downloads\sqlite\sqlite3;C:\Program Files\Cloudflare\Cloudflare WARP\;C:\Users\LAPTOP T&T\AppData\Local\Microsoft\WindowsApps;C:\Users\LAPTOP T&T\AppData\Local\Programs\Microsoft VS Code\bin;C:\Users\LAPTOP T&T\AppData\Roaming\npm;C:\Flutter\flutter\bin;;C:\Program Files\Azure Data Studio\bin
USERNAME=LAPTOP T&T
OS=Windows_NT
PROCESSOR_IDENTIFIER=Intel64 Family 6 Model 165 Stepping 2, GenuineIntel
TMP=C:\Users\LAPTOP~1\AppData\Local\Temp
TEMP=C:\Users\LAPTOP~1\AppData\Local\Temp



---------------  S Y S T E M  ---------------

OS:
 Windows 11 , 64 bit Build 22621 (10.0.22621.2506)
OS uptime: 5 days 16:57 hours
Hyper-V role detected

CPU: total 8 (initial active 8) (4 cores per cpu, 2 threads per core) family 6 model 165 stepping 2 microcode 0xe0, cx8, cmov, fxsr, ht, mmx, 3dnowpref, sse, sse2, sse3, ssse3, sse4.1, sse4.2, popcnt, lzcnt, tsc, tscinvbit, avx, avx2, aes, erms, clmul, bmi1, bmi2, adx, fma, vzeroupper, clflush, clflushopt, hv

Memory: 4k page, system-wide physical 8029M (464M free)
TotalPageFile size 23138M (AvailPageFile size 64M)
current process WorkingSet (physical memory assigned to process): 12M, peak: 12M
current process commit charge ("private bytes"): 60M, peak: 186M

vm_info: OpenJDK 64-Bit Server VM (17.0.6+0-b2043.56-9586694) for windows-amd64 JRE (17.0.6+0-b2043.56-9586694), built on Feb  9 2023 20:06:20 by "androidbuild" with MS VC++ 16.10 / 16.11 (VS2019)

END.
