#
# There is insufficient memory for the Java Runtime Environment to continue.
# Native memory allocation (malloc) failed to allocate 1029136 bytes for Chunk::new
# Possible reasons:
#   The system is out of physical RAM or swap space
#   The process is running with CompressedOops enabled, and the Java Heap may be blocking the growth of the native heap
# Possible solutions:
#   Reduce memory load on the system
#   Increase physical memory or swap space
#   Check if swap backing store is full
#   Decrease Java heap size (-Xmx/-Xms)
#   Decrease number of Java threads
#   Decrease Java thread stack sizes (-Xss)
#   Set larger code cache with -XX:ReservedCodeCacheSize=
#   JVM is running with Unscaled Compressed Oops mode in which the Java heap is
#     placed in the first 4GB address space. The Java Heap base address is the
#     maximum limit for the native heap growth. Please use -XX:HeapBaseMinAddress
#     to set the Java Heap base and to place the Java Heap above 4GB virtual address.
# This output file may be truncated or incomplete.
#
#  Out of Memory Error (arena.cpp:189), pid=21960, tid=21968
#
# JRE version: OpenJDK Runtime Environment (17.0.6) (build 17.0.6+0-b2043.56-9586694)
# Java VM: OpenJDK 64-Bit Server VM (17.0.6+0-b2043.56-9586694, mixed mode, tiered, compressed oops, compressed class ptrs, g1 gc, windows-amd64)
# No core dump will be written. Minidumps are not enabled by default on client versions of Windows
#

---------------  S U M M A R Y ------------

Command Line: org.jetbrains.kotlin.cli.jvm.K2JVMCompiler @D:\ShopApp\app\build\20231125_14566535801582855532.compiler.options

Host: Intel(R) Core(TM) i5-10300H CPU @ 2.50GHz, 8 cores, 7G,  Windows 11 , 64 bit Build 22621 (10.0.22621.2506)
Time: Sat Nov 25 11:44:25 2023 SE Asia Standard Time elapsed time: 2.424449 seconds (0d 0h 0m 2s)

---------------  T H R E A D  ---------------

Current thread (0x000002a33c48eb00):  JavaThread "C2 CompilerThread0" daemon [_thread_in_native, id=21968, stack(0x000000df06600000,0x000000df06700000)]


Current CompileTask:
C2:   2424 2013   !   4       jdk.internal.loader.BuiltinClassLoader::loadClassOrNull (143 bytes)

Stack: [0x000000df06600000,0x000000df06700000]
Native frames: (J=compiled Java code, j=interpreted, Vv=VM code, C=native code)
V  [jvm.dll+0x683b4a]
V  [jvm.dll+0x842654]
V  [jvm.dll+0x843dfe]
V  [jvm.dll+0x844463]
V  [jvm.dll+0x249b75]
V  [jvm.dll+0xabcac]
V  [jvm.dll+0xac27c]
V  [jvm.dll+0x2b0eef]
V  [jvm.dll+0x58a207]
V  [jvm.dll+0x2243b2]
V  [jvm.dll+0x22478f]
V  [jvm.dll+0x21e055]
V  [jvm.dll+0x21b51b]
V  [jvm.dll+0x1a4fdd]
V  [jvm.dll+0x22b098]
V  [jvm.dll+0x229159]
V  [jvm.dll+0x7f809c]
V  [jvm.dll+0x7f25fa]
V  [jvm.dll+0x682985]
C  [ucrtbase.dll+0x29363]
C  [KERNEL32.DLL+0x1257d]
C  [ntdll.dll+0x5aa58]


---------------  P R O C E S S  ---------------

Threads class SMR info:
_java_thread_list=0x000002a33e187c40, length=14, elements={
0x000002a321e2ba50, 0x000002a33c41e710, 0x000002a33c41fb90, 0x000002a33c496100,
0x000002a33c470aa0, 0x000002a33c48d470, 0x000002a33c48de20, 0x000002a33c48eb00,
0x000002a33c49e570, 0x000002a33c4aea90, 0x000002a33c613a80, 0x000002a33c616980,
0x000002a33e2df850, 0x000002a33e0fd070
}

Java Threads: ( => current thread )
  0x000002a321e2ba50 JavaThread "main" [_thread_in_vm, id=29180, stack(0x000000df05900000,0x000000df05a00000)]
  0x000002a33c41e710 JavaThread "Reference Handler" daemon [_thread_blocked, id=15980, stack(0x000000df06000000,0x000000df06100000)]
  0x000002a33c41fb90 JavaThread "Finalizer" daemon [_thread_blocked, id=14764, stack(0x000000df06100000,0x000000df06200000)]
  0x000002a33c496100 JavaThread "Signal Dispatcher" daemon [_thread_blocked, id=28436, stack(0x000000df06200000,0x000000df06300000)]
  0x000002a33c470aa0 JavaThread "Attach Listener" daemon [_thread_blocked, id=25488, stack(0x000000df06300000,0x000000df06400000)]
  0x000002a33c48d470 JavaThread "Service Thread" daemon [_thread_blocked, id=27748, stack(0x000000df06400000,0x000000df06500000)]
  0x000002a33c48de20 JavaThread "Monitor Deflation Thread" daemon [_thread_blocked, id=18916, stack(0x000000df06500000,0x000000df06600000)]
=>0x000002a33c48eb00 JavaThread "C2 CompilerThread0" daemon [_thread_in_native, id=21968, stack(0x000000df06600000,0x000000df06700000)]
  0x000002a33c49e570 JavaThread "C1 CompilerThread0" daemon [_thread_blocked, id=14844, stack(0x000000df06700000,0x000000df06800000)]
  0x000002a33c4aea90 JavaThread "Sweeper thread" daemon [_thread_blocked, id=13220, stack(0x000000df06800000,0x000000df06900000)]
  0x000002a33c613a80 JavaThread "Notification Thread" daemon [_thread_blocked, id=26168, stack(0x000000df06900000,0x000000df06a00000)]
  0x000002a33c616980 JavaThread "Common-Cleaner" daemon [_thread_blocked, id=23076, stack(0x000000df06b00000,0x000000df06c00000)]
  0x000002a33e2df850 JavaThread "C2 CompilerThread1" daemon [_thread_blocked, id=22332, stack(0x000000df07400000,0x000000df07500000)]
  0x000002a33e0fd070 JavaThread "C2 CompilerThread2" daemon [_thread_blocked, id=15252, stack(0x000000df07500000,0x000000df07600000)]

Other Threads:
  0x000002a33b6c94e0 VMThread "VM Thread" [stack: 0x000000df05f00000,0x000000df06000000] [id=8860]
  0x000002a321ea0c60 WatcherThread [stack: 0x000000df06a00000,0x000000df06b00000] [id=8936]
  0x000002a321e87550 GCTaskThread "GC Thread#0" [stack: 0x000000df05a00000,0x000000df05b00000] [id=15932]
  0x000002a33cb99ca0 GCTaskThread "GC Thread#1" [stack: 0x000000df06c00000,0x000000df06d00000] [id=17052]
  0x000002a33ccee600 GCTaskThread "GC Thread#2" [stack: 0x000000df06d00000,0x000000df06e00000] [id=12528]
  0x000002a33cd1e060 GCTaskThread "GC Thread#3" [stack: 0x000000df06e00000,0x000000df06f00000] [id=29032]
  0x000002a33cd1e720 GCTaskThread "GC Thread#4" [stack: 0x000000df06f00000,0x000000df07000000] [id=13016]
  0x000002a33d067680 GCTaskThread "GC Thread#5" [stack: 0x000000df07000000,0x000000df07100000] [id=16836]
  0x000002a33d0090d0 GCTaskThread "GC Thread#6" [stack: 0x000000df07100000,0x000000df07200000] [id=23968]
  0x000002a33d009380 GCTaskThread "GC Thread#7" [stack: 0x000000df07200000,0x000000df07300000] [id=8996]
  0x000002a321e97f90 ConcurrentGCThread "G1 Main Marker" [stack: 0x000000df05b00000,0x000000df05c00000] [id=5000]
  0x000002a321e995b0 ConcurrentGCThread "G1 Conc#0" [stack: 0x000000df05c00000,0x000000df05d00000] [id=14140]
  0x000002a33d009630 ConcurrentGCThread "G1 Conc#1" [stack: 0x000000df07300000,0x000000df07400000] [id=26820]
  0x000002a33b5560f0 ConcurrentGCThread "G1 Refine#0" [stack: 0x000000df05d00000,0x000000df05e00000] [id=21932]
  0x000002a33b556b10 ConcurrentGCThread "G1 Service" [stack: 0x000000df05e00000,0x000000df05f00000] [id=17716]

Threads with active compile tasks:
C2 CompilerThread0     2450 2013   !   4       jdk.internal.loader.BuiltinClassLoader::loadClassOrNull (143 bytes)

VM state: not at safepoint (normal execution)

VM Mutex/Monitor currently owned by a thread: None

Heap address: 0x0000000082800000, size: 2008 MB, Compressed Oops mode: 32-bit

CDS archive(s) not mapped
Compressed class space mapped at: 0x0000000100000000-0x0000000140000000, reserved size: 1073741824
Narrow klass base: 0x0000000000000000, Narrow klass shift: 3, Narrow klass range: 0x140000000

GC Precious Log:
 CPUs: 8 total, 8 available
 Memory: 8029M
 Large Page Support: Disabled
 NUMA Support: Disabled
 Compressed Oops: Enabled (32-bit)
 Heap Region Size: 1M
 Heap Min Capacity: 8M
 Heap Initial Capacity: 126M
 Heap Max Capacity: 2008M
 Pre-touch: Disabled
 Parallel Workers: 8
 Concurrent Workers: 2
 Concurrent Refinement Workers: 8
 Periodic GC: Disabled

Heap:
 garbage-first heap   total 40960K, used 19692K [0x0000000082800000, 0x0000000100000000)
  region size 1024K, 5 young (5120K), 1 survivors (1024K)
 Metaspace       used 28347K, committed 28608K, reserved 1081344K
  class space    used 3137K, committed 3264K, reserved 1048576K

Heap Regions: E=young(eden), S=young(survivor), O=old, HS=humongous(starts), HC=humongous(continues), CS=collection set, F=free, OA=open archive, CA=closed archive, TAMS=top-at-mark-start (previous, next)
|   0|0x0000000082800000, 0x0000000082900000, 0x0000000082900000|100%|HS|  |TAMS 0x0000000082900000, 0x0000000082800000| Complete 
|   1|0x0000000082900000, 0x0000000082a00000, 0x0000000082a00000|100%|HC|  |TAMS 0x0000000082a00000, 0x0000000082900000| Complete 
|   2|0x0000000082a00000, 0x0000000082b00000, 0x0000000082b00000|100%|HC|  |TAMS 0x0000000082b00000, 0x0000000082a00000| Complete 
|   3|0x0000000082b00000, 0x0000000082c00000, 0x0000000082c00000|100%|HC|  |TAMS 0x0000000082c00000, 0x0000000082b00000| Complete 
|   4|0x0000000082c00000, 0x0000000082d00000, 0x0000000082d00000|100%| O|  |TAMS 0x0000000082c00000, 0x0000000082c00000| Untracked 
|   5|0x0000000082d00000, 0x0000000082e00000, 0x0000000082e00000|100%| O|  |TAMS 0x0000000082d00000, 0x0000000082d00000| Untracked 
|   6|0x0000000082e00000, 0x0000000082e00000, 0x0000000082f00000|  0%| F|  |TAMS 0x0000000082e00000, 0x0000000082e00000| Untracked 
|   7|0x0000000082f00000, 0x0000000083000000, 0x0000000083000000|100%|HS|  |TAMS 0x0000000082f00000, 0x0000000082f00000| Complete 
|   8|0x0000000083000000, 0x0000000083100000, 0x0000000083100000|100%|HC|  |TAMS 0x0000000083000000, 0x0000000083000000| Complete 
|   9|0x0000000083100000, 0x0000000083200000, 0x0000000083200000|100%|HC|  |TAMS 0x0000000083100000, 0x0000000083100000| Complete 
|  10|0x0000000083200000, 0x0000000083300000, 0x0000000083300000|100%|HC|  |TAMS 0x0000000083200000, 0x0000000083200000| Complete 
|  11|0x0000000083300000, 0x0000000083400000, 0x0000000083400000|100%| O|  |TAMS 0x0000000083300000, 0x0000000083300000| Untracked 
|  12|0x0000000083400000, 0x0000000083500000, 0x0000000083500000|100%| O|  |TAMS 0x0000000083400000, 0x0000000083400000| Untracked 
|  13|0x0000000083500000, 0x0000000083600000, 0x0000000083600000|100%| O|  |TAMS 0x0000000083500000, 0x0000000083500000| Untracked 
|  14|0x0000000083600000, 0x0000000083700000, 0x0000000083700000|100%| O|  |TAMS 0x0000000083600000, 0x0000000083600000| Untracked 
|  15|0x0000000083700000, 0x0000000083700000, 0x0000000083800000|  0%| F|  |TAMS 0x0000000083700000, 0x0000000083700000| Untracked 
|  16|0x0000000083800000, 0x0000000083800000, 0x0000000083900000|  0%| F|  |TAMS 0x0000000083800000, 0x0000000083800000| Untracked 
|  17|0x0000000083900000, 0x0000000083a00000, 0x0000000083a00000|100%| O|  |TAMS 0x0000000083900000, 0x0000000083900000| Untracked 
|  18|0x0000000083a00000, 0x0000000083ad2200, 0x0000000083b00000| 82%| O|  |TAMS 0x0000000083a00000, 0x0000000083a00000| Untracked 
|  19|0x0000000083b00000, 0x0000000083b00000, 0x0000000083c00000|  0%| F|  |TAMS 0x0000000083b00000, 0x0000000083b00000| Untracked 
|  20|0x0000000083c00000, 0x0000000083c00000, 0x0000000083d00000|  0%| F|  |TAMS 0x0000000083c00000, 0x0000000083c00000| Untracked 
|  21|0x0000000083d00000, 0x0000000083d00000, 0x0000000083e00000|  0%| F|  |TAMS 0x0000000083d00000, 0x0000000083d00000| Untracked 
|  22|0x0000000083e00000, 0x0000000083e00000, 0x0000000083f00000|  0%| F|  |TAMS 0x0000000083e00000, 0x0000000083e00000| Untracked 
|  23|0x0000000083f00000, 0x0000000083f00000, 0x0000000084000000|  0%| F|  |TAMS 0x0000000083f00000, 0x0000000083f00000| Untracked 
|  24|0x0000000084000000, 0x0000000084000000, 0x0000000084100000|  0%| F|  |TAMS 0x0000000084000000, 0x0000000084000000| Untracked 
|  25|0x0000000084100000, 0x0000000084100000, 0x0000000084200000|  0%| F|  |TAMS 0x0000000084100000, 0x0000000084100000| Untracked 
|  26|0x0000000084200000, 0x0000000084200000, 0x0000000084300000|  0%| F|  |TAMS 0x0000000084200000, 0x0000000084200000| Untracked 
|  27|0x0000000084300000, 0x0000000084300000, 0x0000000084400000|  0%| F|  |TAMS 0x0000000084300000, 0x0000000084300000| Untracked 
|  28|0x0000000084400000, 0x0000000084400000, 0x0000000084500000|  0%| F|  |TAMS 0x0000000084400000, 0x0000000084400000| Untracked 
|  29|0x0000000084500000, 0x0000000084500000, 0x0000000084600000|  0%| F|  |TAMS 0x0000000084500000, 0x0000000084500000| Untracked 
|  30|0x0000000084600000, 0x0000000084600000, 0x0000000084700000|  0%| F|  |TAMS 0x0000000084600000, 0x0000000084600000| Untracked 
|  31|0x0000000084700000, 0x0000000084700000, 0x0000000084800000|  0%| F|  |TAMS 0x0000000084700000, 0x0000000084700000| Untracked 
|  32|0x0000000084800000, 0x0000000084800000, 0x0000000084900000|  0%| F|  |TAMS 0x0000000084800000, 0x0000000084800000| Untracked 
|  33|0x0000000084900000, 0x0000000084900000, 0x0000000084a00000|  0%| F|  |TAMS 0x0000000084900000, 0x0000000084900000| Untracked 
|  34|0x0000000084a00000, 0x0000000084a00000, 0x0000000084b00000|  0%| F|  |TAMS 0x0000000084a00000, 0x0000000084a00000| Untracked 
|  87|0x0000000087f00000, 0x0000000087f8fb30, 0x0000000088000000| 56%| E|  |TAMS 0x0000000087f00000, 0x0000000087f00000| Complete 
|  88|0x0000000088000000, 0x0000000088100000, 0x0000000088100000|100%| E|CS|TAMS 0x0000000088000000, 0x0000000088000000| Complete 
|  89|0x0000000088100000, 0x0000000088200000, 0x0000000088200000|100%| E|CS|TAMS 0x0000000088100000, 0x0000000088100000| Complete 
|  90|0x0000000088200000, 0x00000000882690f0, 0x0000000088300000| 41%| S|CS|TAMS 0x0000000088200000, 0x0000000088200000| Complete 
| 125|0x000000008a500000, 0x000000008a600000, 0x000000008a600000|100%| E|CS|TAMS 0x000000008a500000, 0x000000008a500000| Complete 

Card table byte_map: [0x000002a3349f0000,0x000002a334de0000] _byte_map_base: 0x000002a3345dc000

Marking Bits (Prev, Next): (CMBitMap*) 0x000002a321e87ba0, (CMBitMap*) 0x000002a321e87b60
 Prev Bits: [0x000002a337130000, 0x000002a339090000)
 Next Bits: [0x000002a3351d0000, 0x000002a337130000)

Polling page: 0x000002a321580000

Metaspace:

Usage:
  Non-class:     24.63 MB used.
      Class:      3.07 MB used.
       Both:     27.70 MB used.

Virtual space:
  Non-class space:       32.00 MB reserved,      24.75 MB ( 77%) committed,  4 nodes.
      Class space:        1.00 GB reserved,       3.19 MB ( <1%) committed,  1 nodes.
             Both:        1.03 GB reserved,      27.94 MB (  3%) committed. 

Chunk freelists:
   Non-Class:  3.02 MB
       Class:  736.00 KB
        Both:  3.73 MB

MaxMetaspaceSize: unlimited
CompressedClassSpaceSize: 1.00 GB
Initial GC threshold: 21.00 MB
Current GC threshold: 35.31 MB
CDS: off
MetaspaceReclaimPolicy: balanced
 - commit_granule_bytes: 65536.
 - commit_granule_words: 8192.
 - virtual_space_node_default_size: 1048576.
 - enlarge_chunks_in_place: 1.
 - new_chunks_are_fully_committed: 0.
 - uncommit_free_chunks: 1.
 - use_allocation_guard: 0.
 - handle_deallocations: 1.


Internal statistics:

num_allocs_failed_limit: 3.
num_arena_births: 168.
num_arena_deaths: 0.
num_vsnodes_births: 5.
num_vsnodes_deaths: 0.
num_space_committed: 447.
num_space_uncommitted: 0.
num_chunks_returned_to_freelist: 3.
num_chunks_taken_from_freelist: 831.
num_chunk_merges: 3.
num_chunk_splits: 640.
num_chunks_enlarged: 551.
num_purges: 0.
num_inconsistent_stats: 0.

CodeHeap 'non-profiled nmethods': size=120000Kb used=750Kb max_used=750Kb free=119249Kb
 bounds [0x000002a32cda0000, 0x000002a32d010000, 0x000002a3342d0000]
CodeHeap 'profiled nmethods': size=120000Kb used=3710Kb max_used=3710Kb free=116289Kb
 bounds [0x000002a3252d0000, 0x000002a325670000, 0x000002a32c800000]
CodeHeap 'non-nmethods': size=5760Kb used=1229Kb max_used=1259Kb free=4530Kb
 bounds [0x000002a32c800000, 0x000002a32ca70000, 0x000002a32cda0000]
 total_blobs=2595 nmethods=2055 adapters=453
 compilation: enabled
              stopped_count=0, restarted_count=0
 full_count=0

Compilation events (20 events):
Event: 2.404 Thread 0x000002a33c49e570 2045       1       jdk.internal.reflect.DelegatingConstructorAccessorImpl::setDelegate (6 bytes)
Event: 2.404 Thread 0x000002a33c49e570 nmethod 2045 0x000002a32ce5a790 code [0x000002a32ce5a920, 0x000002a32ce5aa38]
Event: 2.407 Thread 0x000002a33c49e570 2047       3       java.lang.invoke.MemberName::isMethod (8 bytes)
Event: 2.407 Thread 0x000002a33c49e570 nmethod 2047 0x000002a32566c090 code [0x000002a32566c240, 0x000002a32566c478]
Event: 2.407 Thread 0x000002a33c49e570 2048       3       java.lang.invoke.AbstractValidatingLambdaMetafactory::isAdaptableTo (126 bytes)
Event: 2.407 Thread 0x000002a33e2df850 2049       4       java.lang.StringUTF16::compress (50 bytes)
Event: 2.408 Thread 0x000002a33c49e570 nmethod 2048 0x000002a32566c590 code [0x000002a32566c820, 0x000002a32566d268]
Event: 2.408 Thread 0x000002a33c49e570 2051       3       jdk.internal.reflect.ConstructorAccessorImpl::<init> (5 bytes)
Event: 2.408 Thread 0x000002a33c49e570 nmethod 2051 0x000002a32566d610 code [0x000002a32566d7c0, 0x000002a32566d978]
Event: 2.408 Thread 0x000002a33c49e570 2050       3       java.lang.Class::newReflectionData (66 bytes)
Event: 2.408 Thread 0x000002a33c49e570 nmethod 2050 0x000002a32566da90 code [0x000002a32566dca0, 0x000002a32566e578]
Event: 2.408 Thread 0x000002a33c49e570 2052       1       jdk.internal.reflect.NativeConstructorAccessorImpl::setParent (6 bytes)
Event: 2.408 Thread 0x000002a33c49e570 nmethod 2052 0x000002a32ce5aa90 code [0x000002a32ce5ac20, 0x000002a32ce5ad38]
Event: 2.408 Thread 0x000002a33c49e570 2054       3       java.lang.invoke.ConstantCallSite::getTarget (20 bytes)
Event: 2.409 Thread 0x000002a33c49e570 nmethod 2054 0x000002a32566e890 code [0x000002a32566ea40, 0x000002a32566ec68]
Event: 2.409 Thread 0x000002a33c49e570 2053       1       java.lang.invoke.MethodHandleNatives::isPullModeBSM (2 bytes)
Event: 2.409 Thread 0x000002a33c49e570 nmethod 2053 0x000002a32ce5ad90 code [0x000002a32ce5af20, 0x000002a32ce5afd8]
Event: 2.410 Thread 0x000002a33c49e570 2055       3       java.lang.String::startsWith (138 bytes)
Event: 2.410 Thread 0x000002a33c49e570 nmethod 2055 0x000002a32566ed90 code [0x000002a32566efa0, 0x000002a32566f838]
Event: 2.412 Thread 0x000002a33e2df850 nmethod 2049 0x000002a32ce5b090 code [0x000002a32ce5b200, 0x000002a32ce5b598]

GC Heap History (8 events):
Event: 0.869 GC heap before
{Heap before GC invocations=0 (full 0):
 garbage-first heap   total 129024K, used 27648K [0x0000000082800000, 0x0000000100000000)
  region size 1024K, 23 young (23552K), 0 survivors (0K)
 Metaspace       used 13288K, committed 13440K, reserved 1064960K
  class space    used 1276K, committed 1344K, reserved 1048576K
}
Event: 0.872 GC heap after
{Heap after GC invocations=1 (full 0):
 garbage-first heap   total 129024K, used 7098K [0x0000000082800000, 0x0000000100000000)
  region size 1024K, 3 young (3072K), 3 survivors (3072K)
 Metaspace       used 13288K, committed 13440K, reserved 1064960K
  class space    used 1276K, committed 1344K, reserved 1048576K
}
Event: 1.719 GC heap before
{Heap before GC invocations=1 (full 0):
 garbage-first heap   total 129024K, used 38842K [0x0000000082800000, 0x0000000100000000)
  region size 1024K, 35 young (35840K), 3 survivors (3072K)
 Metaspace       used 21325K, committed 21504K, reserved 1073152K
  class space    used 2324K, committed 2432K, reserved 1048576K
}
Event: 1.728 GC heap after
{Heap after GC invocations=2 (full 0):
 garbage-first heap   total 129024K, used 10410K [0x0000000082800000, 0x0000000100000000)
  region size 1024K, 4 young (4096K), 4 survivors (4096K)
 Metaspace       used 21325K, committed 21504K, reserved 1073152K
  class space    used 2324K, committed 2432K, reserved 1048576K
}
Event: 2.338 GC heap before
{Heap before GC invocations=3 (full 0):
 garbage-first heap   total 40960K, used 32938K [0x0000000082800000, 0x0000000100000000)
  region size 1024K, 23 young (23552K), 4 survivors (4096K)
 Metaspace       used 27084K, committed 27264K, reserved 1073152K
  class space    used 2972K, committed 3072K, reserved 1048576K
}
Event: 2.349 GC heap after
{Heap after GC invocations=4 (full 0):
 garbage-first heap   total 40960K, used 16229K [0x0000000082800000, 0x0000000100000000)
  region size 1024K, 2 young (2048K), 2 survivors (2048K)
 Metaspace       used 27084K, committed 27264K, reserved 1073152K
  class space    used 2972K, committed 3072K, reserved 1048576K
}
Event: 2.369 GC heap before
{Heap before GC invocations=4 (full 0):
 garbage-first heap   total 40960K, used 17253K [0x0000000082800000, 0x0000000100000000)
  region size 1024K, 3 young (3072K), 2 survivors (2048K)
 Metaspace       used 27463K, committed 27712K, reserved 1081344K
  class space    used 3012K, committed 3136K, reserved 1048576K
}
Event: 2.374 GC heap after
{Heap after GC invocations=5 (full 0):
 garbage-first heap   total 40960K, used 16620K [0x0000000082800000, 0x0000000100000000)
  region size 1024K, 1 young (1024K), 1 survivors (1024K)
 Metaspace       used 27463K, committed 27712K, reserved 1081344K
  class space    used 3012K, committed 3136K, reserved 1048576K
}

Dll operation events (2 events):
Event: 0.015 Loaded shared library C:\Program Files\Android\Android Studio\jbr\bin\java.dll
Event: 1.488 Loaded shared library C:\Program Files\Android\Android Studio\jbr\bin\verify.dll

Deoptimization events (20 events):
Event: 2.110 Thread 0x000002a321e2ba50 DEOPT PACKING pc=0x000002a325632510 sp=0x000000df059fe790
Event: 2.110 Thread 0x000002a321e2ba50 DEOPT UNPACKING pc=0x000002a32c857143 sp=0x000000df059fdc38 mode 0
Event: 2.111 Thread 0x000002a321e2ba50 DEOPT PACKING pc=0x000002a325632510 sp=0x000000df059fe790
Event: 2.111 Thread 0x000002a321e2ba50 DEOPT UNPACKING pc=0x000002a32c857143 sp=0x000000df059fdc38 mode 0
Event: 2.111 Thread 0x000002a321e2ba50 DEOPT PACKING pc=0x000002a325632510 sp=0x000000df059fe790
Event: 2.111 Thread 0x000002a321e2ba50 DEOPT UNPACKING pc=0x000002a32c857143 sp=0x000000df059fdc38 mode 0
Event: 2.111 Thread 0x000002a321e2ba50 DEOPT PACKING pc=0x000002a325632510 sp=0x000000df059fe790
Event: 2.111 Thread 0x000002a321e2ba50 DEOPT UNPACKING pc=0x000002a32c857143 sp=0x000000df059fdc38 mode 0
Event: 2.111 Thread 0x000002a321e2ba50 DEOPT PACKING pc=0x000002a325632510 sp=0x000000df059fe790
Event: 2.111 Thread 0x000002a321e2ba50 DEOPT UNPACKING pc=0x000002a32c857143 sp=0x000000df059fdc38 mode 0
Event: 2.111 Thread 0x000002a321e2ba50 DEOPT PACKING pc=0x000002a325632510 sp=0x000000df059fe790
Event: 2.111 Thread 0x000002a321e2ba50 DEOPT UNPACKING pc=0x000002a32c857143 sp=0x000000df059fdc38 mode 0
Event: 2.180 Thread 0x000002a321e2ba50 Uncommon trap: trap_request=0xffffffde fr.pc=0x000002a32ce2fca0 relative=0x0000000000001780
Event: 2.180 Thread 0x000002a321e2ba50 Uncommon trap: reason=class_check action=maybe_recompile pc=0x000002a32ce2fca0 method=java.util.zip.InflaterInputStream.read([BII)I @ 100 c2
Event: 2.180 Thread 0x000002a321e2ba50 DEOPT PACKING pc=0x000002a32ce2fca0 sp=0x000000df059fe8b0
Event: 2.180 Thread 0x000002a321e2ba50 DEOPT UNPACKING pc=0x000002a32c8569a3 sp=0x000000df059fe900 mode 2
Event: 2.396 Thread 0x000002a321e2ba50 Uncommon trap: trap_request=0xffffff45 fr.pc=0x000002a32ce175ac relative=0x000000000000020c
Event: 2.396 Thread 0x000002a321e2ba50 Uncommon trap: reason=unstable_if action=reinterpret pc=0x000002a32ce175ac method=java.lang.String.startsWith(Ljava/lang/String;I)Z @ 1 c2
Event: 2.396 Thread 0x000002a321e2ba50 DEOPT PACKING pc=0x000002a32ce175ac sp=0x000000df059fe070
Event: 2.396 Thread 0x000002a321e2ba50 DEOPT UNPACKING pc=0x000002a32c8569a3 sp=0x000000df059fdff0 mode 2

Classes unloaded (0 events):
No events

Classes redefined (0 events):
No events

Internal exceptions (20 events):
Event: 1.360 Thread 0x000002a321e2ba50 Exception <a 'java/lang/NoSuchMethodError'{0x00000000894b6dc0}: 'int java.lang.invoke.DelegatingMethodHandle$Holder.reinvoke_L(java.lang.Object, java.lang.Object, java.lang.Object, long, int, int)'> (0x00000000894b6dc0) 
thrown [s\src\hotspot\share\interpreter\linkResolver.cpp, line 771]
Event: 1.362 Thread 0x000002a321e2ba50 Exception <a 'java/lang/NoSuchMethodError'{0x00000000894c61c8}: 'int java.lang.invoke.DelegatingMethodHandle$Holder.reinvoke_L(java.lang.Object, java.lang.Object, java.lang.Object, long, long, long)'> (0x00000000894c61c8) 
thrown [s\src\hotspot\share\interpreter\linkResolver.cpp, line 771]
Event: 1.365 Thread 0x000002a321e2ba50 Exception <a 'java/lang/NoSuchMethodError'{0x00000000894d4e08}: 'int java.lang.invoke.DelegatingMethodHandle$Holder.reinvoke_L(java.lang.Object, java.lang.Object, java.lang.Object, long, java.lang.Object, java.lang.Object)'> (0x00000000894d4e08) 
thrown [s\src\hotspot\share\interpreter\linkResolver.cpp, line 771]
Event: 1.367 Thread 0x000002a321e2ba50 Exception <a 'java/lang/NoSuchMethodError'{0x00000000894e3988}: 'void java.lang.invoke.DelegatingMethodHandle$Holder.reinvoke_L(java.lang.Object, java.lang.Object, java.lang.Object, long, java.lang.Object)'> (0x00000000894e3988) 
thrown [s\src\hotspot\share\interpreter\linkResolver.cpp, line 771]
Event: 1.369 Thread 0x000002a321e2ba50 Exception <a 'java/lang/NoSuchMethodError'{0x00000000894eb5c0}: 'java.lang.Object java.lang.invoke.DirectMethodHandle$Holder.invokeSpecial(java.lang.Object, java.lang.Object, java.lang.Object, java.lang.Object, long)'> (0x00000000894eb5c0) 
thrown [s\src\hotspot\share\interpreter\linkResolver.cpp, line 771]
Event: 1.372 Thread 0x000002a321e2ba50 Exception <a 'java/lang/NoSuchMethodError'{0x0000000089304260}: 'long java.lang.invoke.Invokers$Holder.invoke_MT(java.lang.Object, java.lang.Object, java.lang.Object, java.lang.Object)'> (0x0000000089304260) 
thrown [s\src\hotspot\share\interpreter\linkResolver.cpp, line 771]
Event: 1.375 Thread 0x000002a321e2ba50 Exception <a 'java/lang/NoSuchMethodError'{0x000000008930fa80}: 'int java.lang.invoke.DirectMethodHandle$Holder.invokeSpecial(java.lang.Object, java.lang.Object, java.lang.Object)'> (0x000000008930fa80) 
thrown [s\src\hotspot\share\interpreter\linkResolver.cpp, line 771]
Event: 1.375 Thread 0x000002a321e2ba50 Exception <a 'java/lang/NoSuchMethodError'{0x0000000089313ab0}: 'int java.lang.invoke.DirectMethodHandle$Holder.invokeSpecial(java.lang.Object, java.lang.Object, java.lang.Object, java.lang.Object)'> (0x0000000089313ab0) 
thrown [s\src\hotspot\share\interpreter\linkResolver.cpp, line 771]
Event: 1.375 Thread 0x000002a321e2ba50 Exception <a 'java/lang/NoSuchMethodError'{0x0000000089317118}: 'int java.lang.invoke.Invokers$Holder.invoke_MT(java.lang.Object, java.lang.Object, java.lang.Object, java.lang.Object)'> (0x0000000089317118) 
thrown [s\src\hotspot\share\interpreter\linkResolver.cpp, line 771]
Event: 1.378 Thread 0x000002a321e2ba50 Exception <a 'java/lang/NoSuchMethodError'{0x0000000089326d38}: 'int java.lang.invoke.DelegatingMethodHandle$Holder.reinvoke_L(java.lang.Object, java.lang.Object, java.lang.Object, long, int)'> (0x0000000089326d38) 
thrown [s\src\hotspot\share\interpreter\linkResolver.cpp, line 771]
Event: 1.492 Thread 0x000002a321e2ba50 Exception <a 'java/lang/NoSuchMethodError'{0x000000008909f450}: 'java.lang.Object java.lang.invoke.DirectMethodHandle$Holder.invokeStaticInit(java.lang.Object)'> (0x000000008909f450) 
thrown [s\src\hotspot\share\interpreter\linkResolver.cpp, line 771]
Event: 1.638 Thread 0x000002a321e2ba50 Exception <a 'java/lang/NoSuchMethodError'{0x000000008868f2d8}: 'java.lang.Object java.lang.invoke.DirectMethodHandle$Holder.invokeStaticInit(java.lang.Object, int)'> (0x000000008868f2d8) 
thrown [s\src\hotspot\share\interpreter\linkResolver.cpp, line 771]
Event: 1.650 Thread 0x000002a321e2ba50 Exception <a 'java/lang/NoSuchMethodError'{0x0000000088518cf0}: 'void java.lang.invoke.DirectMethodHandle$Holder.invokeStatic(java.lang.Object, java.lang.Object)'> (0x0000000088518cf0) 
thrown [s\src\hotspot\share\interpreter\linkResolver.cpp, line 771]
Event: 1.683 Thread 0x000002a321e2ba50 Exception <a 'java/lang/NoSuchMethodError'{0x0000000088456290}: 'long java.lang.invoke.DirectMethodHandle$Holder.invokeStatic(java.lang.Object)'> (0x0000000088456290) 
thrown [s\src\hotspot\share\interpreter\linkResolver.cpp, line 771]
Event: 1.683 Thread 0x000002a321e2ba50 Exception <a 'java/lang/NoSuchMethodError'{0x00000000884599e8}: 'long java.lang.invoke.DirectMethodHandle$Holder.invokeStaticInit(java.lang.Object)'> (0x00000000884599e8) 
thrown [s\src\hotspot\share\interpreter\linkResolver.cpp, line 771]
Event: 1.807 Thread 0x000002a321e2ba50 Exception <a 'java/lang/NoSuchMethodError'{0x0000000084820640}: 'int java.lang.invoke.DirectMethodHandle$Holder.invokeStaticInit(java.lang.Object, java.lang.Object, java.lang.Object)'> (0x0000000084820640) 
thrown [s\src\hotspot\share\interpreter\linkResolver.cpp, line 771]
Event: 1.815 Thread 0x000002a321e2ba50 Exception <a 'java/lang/NoSuchMethodError'{0x0000000084848f58}: 'int java.lang.invoke.DirectMethodHandle$Holder.invokeStaticInit(java.lang.Object, java.lang.Object)'> (0x0000000084848f58) 
thrown [s\src\hotspot\share\interpreter\linkResolver.cpp, line 771]
Event: 1.847 Thread 0x000002a321e2ba50 Exception <a 'java/lang/NoSuchMethodError'{0x0000000084725680}: 'void java.lang.invoke.DirectMethodHandle$Holder.invokeSpecial(java.lang.Object, java.lang.Object, java.lang.Object)'> (0x0000000084725680) 
thrown [s\src\hotspot\share\interpreter\linkResolver.cpp, line 771]
Event: 2.267 Thread 0x000002a321e2ba50 Exception <a 'java/lang/NoSuchMethodError'{0x0000000083cfa9a0}: 'void java.lang.invoke.DirectMethodHandle$Holder.invokeStatic(java.lang.Object, java.lang.Object, java.lang.Object, java.lang.Object)'> (0x0000000083cfa9a0) 
thrown [s\src\hotspot\share\interpreter\linkResolver.cpp, line 771]
Event: 2.362 Thread 0x000002a321e2ba50 Exception <a 'java/lang/NoSuchMethodError'{0x000000008a5b56f8}: 'void java.lang.invoke.DirectMethodHandle$Holder.invokeStaticInit(java.lang.Object, java.lang.Object)'> (0x000000008a5b56f8) 
thrown [s\src\hotspot\share\interpreter\linkResolver.cpp, line 771]

VM Operations (20 events):
Event: 2.022 Executing VM operation: HandshakeAllThreads
Event: 2.022 Executing VM operation: HandshakeAllThreads done
Event: 2.028 Executing VM operation: HandshakeAllThreads
Event: 2.028 Executing VM operation: HandshakeAllThreads done
Event: 2.038 Executing VM operation: HandshakeAllThreads
Event: 2.038 Executing VM operation: HandshakeAllThreads done
Event: 2.044 Executing VM operation: HandshakeAllThreads
Event: 2.044 Executing VM operation: HandshakeAllThreads done
Event: 2.044 Executing VM operation: HandshakeAllThreads
Event: 2.044 Executing VM operation: HandshakeAllThreads done
Event: 2.053 Executing VM operation: HandshakeAllThreads
Event: 2.053 Executing VM operation: HandshakeAllThreads done
Event: 2.053 Executing VM operation: HandshakeAllThreads
Event: 2.053 Executing VM operation: HandshakeAllThreads done
Event: 2.312 Executing VM operation: HandshakeAllThreads
Event: 2.312 Executing VM operation: HandshakeAllThreads done
Event: 2.338 Executing VM operation: G1CollectForAllocation
Event: 2.349 Executing VM operation: G1CollectForAllocation done
Event: 2.369 Executing VM operation: G1CollectForAllocation
Event: 2.374 Executing VM operation: G1CollectForAllocation done

Events (20 events):
Event: 2.228 loading class com/sun/xml/internal/stream/util/ThreadLocalBufferAllocator
Event: 2.228 loading class com/sun/xml/internal/stream/util/ThreadLocalBufferAllocator done
Event: 2.228 loading class com/sun/xml/internal/stream/util/BufferAllocator
Event: 2.228 loading class com/sun/xml/internal/stream/util/BufferAllocator done
Event: 2.230 loading class com/sun/org/apache/xerces/internal/util/XMLChar
Event: 2.231 loading class com/sun/org/apache/xerces/internal/util/XMLChar done
Event: 2.232 loading class com/sun/org/apache/xerces/internal/impl/XMLScanner$NameType
Event: 2.232 loading class com/sun/org/apache/xerces/internal/impl/XMLScanner$NameType done
Event: 2.250 loading class com/sun/org/apache/xerces/internal/impl/io/MalformedByteSequenceException
Event: 2.250 loading class java/io/CharConversionException
Event: 2.250 loading class java/io/CharConversionException done
Event: 2.250 loading class com/sun/org/apache/xerces/internal/impl/io/MalformedByteSequenceException done
Event: 2.254 loading class java/text/ParseException
Event: 2.254 loading class java/text/ParseException done
Event: 2.258 loading class java/util/ConcurrentModificationException
Event: 2.258 loading class java/util/ConcurrentModificationException done
Event: 2.302 loading class java/util/concurrent/atomic/AtomicReferenceArray
Event: 2.302 loading class java/util/concurrent/atomic/AtomicReferenceArray done
Event: 2.302 loading class java/lang/invoke/VarHandleReferences$Array
Event: 2.302 loading class java/lang/invoke/VarHandleReferences$Array done


Dynamic libraries:
0x00007ff652b00000 - 0x00007ff652b0a000 	C:\Program Files\Android\Android Studio\jbr\bin\java.exe
0x00007fffe71d0000 - 0x00007fffe73e7000 	C:\WINDOWS\SYSTEM32\ntdll.dll
0x00007fffe5350000 - 0x00007fffe5414000 	C:\WINDOWS\System32\KERNEL32.DLL
0x00007fffe4820000 - 0x00007fffe4bc5000 	C:\WINDOWS\System32\KERNELBASE.dll
0x00007fffe4c70000 - 0x00007fffe4d81000 	C:\WINDOWS\System32\ucrtbase.dll
0x00007fffd0290000 - 0x00007fffd02ab000 	C:\Program Files\Android\Android Studio\jbr\bin\VCRUNTIME140.dll
0x00007fffce4f0000 - 0x00007fffce507000 	C:\Program Files\Android\Android Studio\jbr\bin\jli.dll
0x00007fffe5880000 - 0x00007fffe5a2e000 	C:\WINDOWS\System32\USER32.dll
0x00007fffe4680000 - 0x00007fffe46a6000 	C:\WINDOWS\System32\win32u.dll
0x00007fffe7020000 - 0x00007fffe7049000 	C:\WINDOWS\System32\GDI32.dll
0x00007fffe4d90000 - 0x00007fffe4ea9000 	C:\WINDOWS\System32\gdi32full.dll
0x00007fffe4bd0000 - 0x00007fffe4c6a000 	C:\WINDOWS\System32\msvcp_win.dll
0x00007fffcc9f0000 - 0x00007fffccc83000 	C:\WINDOWS\WinSxS\amd64_microsoft.windows.common-controls_6595b64144ccf1df_6.0.22621.2506_none_270c5ae97388e100\COMCTL32.dll
0x00007fffe4f20000 - 0x00007fffe4fc7000 	C:\WINDOWS\System32\msvcrt.dll
0x00007fffe5a30000 - 0x00007fffe5a61000 	C:\WINDOWS\System32\IMM32.DLL
0x0000000050850000 - 0x000000005085c000 	C:\Program Files (x86)\360\Total Security\safemon\SafeWrapper.dll
0x00007fffe5600000 - 0x00007fffe56b1000 	C:\WINDOWS\System32\ADVAPI32.dll
0x00007fffe70e0000 - 0x00007fffe7186000 	C:\WINDOWS\System32\sechost.dll
0x00007fffe5f90000 - 0x00007fffe60a7000 	C:\WINDOWS\System32\RPCRT4.dll
0x00007fff6ba80000 - 0x00007fff6bb12000 	C:\Program Files (x86)\360\Total Security\safemon\libzdtp64.dll
0x00007fffe6440000 - 0x00007fffe6c99000 	C:\WINDOWS\System32\SHELL32.dll
0x00007fffe5150000 - 0x00007fffe51ae000 	C:\WINDOWS\System32\SHLWAPI.dll
0x00007fffe41a0000 - 0x00007fffe41aa000 	C:\WINDOWS\SYSTEM32\VERSION.dll
0x00007fffd46a0000 - 0x00007fffd46ac000 	C:\Program Files\Android\Android Studio\jbr\bin\vcruntime140_1.dll
0x00007fffa60a0000 - 0x00007fffa612d000 	C:\Program Files\Android\Android Studio\jbr\bin\msvcp140.dll
0x00007fff8d930000 - 0x00007fff8e59d000 	C:\Program Files\Android\Android Studio\jbr\bin\server\jvm.dll
0x00007fffbfe20000 - 0x00007fffbfe29000 	C:\WINDOWS\SYSTEM32\WSOCK32.dll
0x00007fffdcec0000 - 0x00007fffdcef4000 	C:\WINDOWS\SYSTEM32\WINMM.dll
0x00007fffe50d0000 - 0x00007fffe5141000 	C:\WINDOWS\System32\WS2_32.dll
0x00007fffe3520000 - 0x00007fffe3538000 	C:\WINDOWS\SYSTEM32\kernel.appcore.dll
0x00007fffd04e0000 - 0x00007fffd04ea000 	C:\Program Files\Android\Android Studio\jbr\bin\jimage.dll
0x00007fffe15a0000 - 0x00007fffe17d3000 	C:\WINDOWS\SYSTEM32\DBGHELP.DLL
0x00007fffe60b0000 - 0x00007fffe6439000 	C:\WINDOWS\System32\combase.dll
0x00007fffe6f40000 - 0x00007fffe7017000 	C:\WINDOWS\System32\OLEAUT32.dll
0x00007fffd5810000 - 0x00007fffd5842000 	C:\WINDOWS\SYSTEM32\dbgcore.DLL
0x00007fffe4540000 - 0x00007fffe45ba000 	C:\WINDOWS\System32\bcryptPrimitives.dll
0x00007fffcf200000 - 0x00007fffcf225000 	C:\Program Files\Android\Android Studio\jbr\bin\java.dll
0x00007fffd04c0000 - 0x00007fffd04d8000 	C:\Program Files\Android\Android Studio\jbr\bin\zip.dll
0x00007fffe23b0000 - 0x00007fffe2ca4000 	C:\WINDOWS\SYSTEM32\windows.storage.dll
0x00007fffe2270000 - 0x00007fffe23ae000 	C:\WINDOWS\SYSTEM32\wintypes.dll
0x00007fffe4fd0000 - 0x00007fffe50c3000 	C:\WINDOWS\System32\SHCORE.dll
0x00007fffe4470000 - 0x00007fffe4496000 	C:\WINDOWS\SYSTEM32\profapi.dll
0x00007fffce490000 - 0x00007fffce4a9000 	C:\Program Files\Android\Android Studio\jbr\bin\net.dll
0x00007fffdd4c0000 - 0x00007fffdd5f7000 	C:\WINDOWS\SYSTEM32\WINHTTP.dll
0x00007fffe3a00000 - 0x00007fffe3a69000 	C:\WINDOWS\system32\mswsock.dll
0x00007fffb95b0000 - 0x00007fffb95c6000 	C:\Program Files\Android\Android Studio\jbr\bin\nio.dll
0x00007fffcf3f0000 - 0x00007fffcf400000 	C:\Program Files\Android\Android Studio\jbr\bin\verify.dll

dbghelp: loaded successfully - version: 4.0.5 - missing functions: none
symbol engine: initialized successfully - sym options: 0x614 - pdb path: .;C:\Program Files\Android\Android Studio\jbr\bin;C:\WINDOWS\SYSTEM32;C:\WINDOWS\WinSxS\amd64_microsoft.windows.common-controls_6595b64144ccf1df_6.0.22621.2506_none_270c5ae97388e100;C:\Program Files (x86)\360\Total Security\safemon;C:\Program Files\Android\Android Studio\jbr\bin\server

VM Arguments:
java_command: org.jetbrains.kotlin.cli.jvm.K2JVMCompiler @D:\ShopApp\app\build\20231125_14566535801582855532.compiler.options
java_class_path (initial): C:\Users\LAPTOP T&T\.gradle\caches\modules-2\files-2.1\org.jetbrains.kotlin\kotlin-compiler-embeddable\1.8.20\78d9baa57f65babf9e0a93e51f62f26f5f35ac3e\kotlin-compiler-embeddable-1.8.20.jar;C:\Users\LAPTOP T&T\.gradle\caches\modules-2\files-2.1\org.jetbrains.kotlin\kotlin-stdlib\1.8.20\e72fc5e03ec6c064c678a6bd0d955c88d55b0c4a\kotlin-stdlib-1.8.20.jar;C:\Users\LAPTOP T&T\.gradle\caches\modules-2\files-2.1\org.jetbrains.kotlin\kotlin-script-runtime\1.8.20\c850771e723701f9d63dbcf641429c0f29290074\kotlin-script-runtime-1.8.20.jar;C:\Users\LAPTOP T&T\.gradle\caches\modules-2\files-2.1\org.jetbrains.kotlin\kotlin-reflect\1.6.10\1cbe9c92c12a94eea200d23c2bbaedaf3daf5132\kotlin-reflect-1.6.10.jar;C:\Users\LAPTOP T&T\.gradle\caches\modules-2\files-2.1\org.jetbrains.kotlin\kotlin-daemon-embeddable\1.8.20\c1b808fbe5fee60bd0504a54778120ef40f383d4\kotlin-daemon-embeddable-1.8.20.jar;C:\Users\LAPTOP T&T\.gradle\caches\modules-2\files-2.1\org.jetbrains.intellij.deps\trove4j\1.0.20200330\3afb14d5f9ceb459d724e907a21145e8ff394f02\trove4j-1.0.20200330.jar;C:\Users\LAPTOP T&T\.gradle\caches\modules-2\files-2.1\net.java.dev.jna\jna\5.6.0\330f2244e9030119ab3030fc3fededc86713d9cc\jna-5.6.0.jar;C:\Users\LAPTOP T&T\.gradle\caches\modules-2\files-2.1\org.jetbrains.kotlin\kotlin-stdlib-common\1.8.20\5eddaaf234c8c49d03eebeb6a14feb7f90faca71\kotlin-stdlib-common-1.8.20.jar;C:\Users\LAPTOP T&T\.gradle\caches\modules-2\files-2.1\org.jetbrains\annotations\13.0\919f0dfe192fb4e063e7dacadee7f8bb9a2672a9\annotations-13.0.jar
Launcher Type: SUN_STANDARD

[Global flags]
     intx CICompilerCount                          = 4                                         {product} {ergonomic}
     uint ConcGCThreads                            = 2                                         {product} {ergonomic}
     uint G1ConcRefinementThreads                  = 8                                         {product} {ergonomic}
   size_t G1HeapRegionSize                         = 1048576                                   {product} {ergonomic}
    uintx GCDrainStackTargetSize                   = 64                                        {product} {ergonomic}
   size_t InitialHeapSize                          = 132120576                                 {product} {ergonomic}
   size_t MarkStackSize                            = 4194304                                   {product} {ergonomic}
   size_t MaxHeapSize                              = 2105540608                                {product} {ergonomic}
   size_t MaxNewSize                               = 1262485504                                {product} {ergonomic}
   size_t MinHeapDeltaBytes                        = 1048576                                   {product} {ergonomic}
   size_t MinHeapSize                              = 8388608                                   {product} {ergonomic}
    uintx NonNMethodCodeHeapSize                   = 5839372                                {pd product} {ergonomic}
    uintx NonProfiledCodeHeapSize                  = 122909434                              {pd product} {ergonomic}
    uintx ProfiledCodeHeapSize                     = 122909434                              {pd product} {ergonomic}
    uintx ReservedCodeCacheSize                    = 251658240                              {pd product} {ergonomic}
     bool SegmentedCodeCache                       = true                                      {product} {ergonomic}
   size_t SoftMaxHeapSize                          = 2105540608                             {manageable} {ergonomic}
     bool UseCompressedClassPointers               = true                           {product lp64_product} {ergonomic}
     bool UseCompressedOops                        = true                           {product lp64_product} {ergonomic}
     bool UseG1GC                                  = true                                      {product} {ergonomic}
     bool UseLargePagesIndividualAllocation        = false                                  {pd product} {ergonomic}

Logging:
Log output configuration:
 #0: stdout all=warning uptime,level,tags
 #1: stderr all=off uptime,level,tags

Environment Variables:
JAVA_HOME=C:\Program Files\Java\jdk1.8.0_202
PATH=C:\Program Files (x86)\Common Files\Oracle\Java\javapath;C:\Windows\system32;C:\Windows;C:\Windows\System32\Wbem;C:\Windows\System32\WindowsPowerShell\v1.0\;C:\Windows\System32\OpenSSH\;C:\Program Files (x86)\NVIDIA Corporation\PhysX\Common;C:\Program Files\dotnet\;C:\Program Files\Git\cmd;C:\WINDOWS\system32;C:\WINDOWS;C:\WINDOWS\System32\Wbem;C:\WINDOWS\System32\WindowsPowerShell\v1.0\;C:\WINDOWS\System32\OpenSSH\;C:\Program Files\nodejs\;C:\Users\LAPTOP T&T\AppData\Local\Android\Sdk;C:\Program Files\Microsoft SQL Server\Client SDK\ODBC\170\Tools\Binn\;C:\Program Files (x86)\Microsoft SQL Server\150\Tools\Binn\;C:\Program Files\Microsoft SQL Server\150\Tools\Binn\;C:\Program Files\Microsoft SQL Server\150\DTS\Binn\;C:\Program Files (x86)\Microsoft SQL Server\160\Tools\Binn\;C:\Program Files\Microsoft SQL Server\160\Tools\Binn\;C:\Program Files\Microsoft SQL Server\160\DTS\Binn\;C:\Program Files (x86)\Microsoft SQL Server\160\DTS\Binn\;C:\Program Files\Azure Data Studio\bin;C:\Users\LAPTOP T&T\Downloads\sqlite\sqlite3;C:\Program Files\Cloudflare\Cloudflare WARP\;C:\Users\LAPTOP T&T\AppData\Local\Microsoft\WindowsApps;C:\Users\LAPTOP T&T\AppData\Local\Programs\Microsoft VS Code\bin;C:\Users\LAPTOP T&T\AppData\Roaming\npm;C:\Flutter\flutter\bin;;C:\Program Files\Azure Data Studio\bin
USERNAME=LAPTOP T&T
OS=Windows_NT
PROCESSOR_IDENTIFIER=Intel64 Family 6 Model 165 Stepping 2, GenuineIntel
TMP=C:\Users\LAPTOP~1\AppData\Local\Temp
TEMP=C:\Users\LAPTOP~1\AppData\Local\Temp



---------------  S Y S T E M  ---------------

OS:
 Windows 11 , 64 bit Build 22621 (10.0.22621.2506)
OS uptime: 5 days 17:00 hours
Hyper-V role detected

CPU: total 8 (initial active 8) (4 cores per cpu, 2 threads per core) family 6 model 165 stepping 2 microcode 0xe0, cx8, cmov, fxsr, ht, mmx, 3dnowpref, sse, sse2, sse3, ssse3, sse4.1, sse4.2, popcnt, lzcnt, tsc, tscinvbit, avx, avx2, aes, erms, clmul, bmi1, bmi2, adx, fma, vzeroupper, clflush, clflushopt, hv

Memory: 4k page, system-wide physical 8029M (770M free)
TotalPageFile size 23151M (AvailPageFile size 0M)
current process WorkingSet (physical memory assigned to process): 128M, peak: 128M
current process commit charge ("private bytes"): 165M, peak: 234M

vm_info: OpenJDK 64-Bit Server VM (17.0.6+0-b2043.56-9586694) for windows-amd64 JRE (17.0.6+0-b2043.56-9586694), built on Feb  9 2023 20:06:20 by "androidbuild" with MS VC++ 16.10 / 16.11 (VS2019)

END.
